SF:lib/src/reactive_notifier.dart
DA:13,6
DA:18,4
DA:27,2
DA:28,4
DA:29,2
DA:30,4
DA:31,2
DA:33,2
DA:35,2
DA:37,2
DA:38,6
DA:39,4
DA:40,4
DA:41,8
DA:44,2
DA:55,2
DA:57,2
DA:59,4
DA:60,2
DA:62,12
DA:63,2
DA:65,2
DA:67,4
DA:68,4
DA:69,1
DA:78,1
DA:82,6
DA:84,1
DA:87,4
DA:88,1
DA:100,1
DA:103,4
DA:106,1
DA:108,2
DA:110,2
DA:115,1
DA:117,2
DA:118,3
DA:120,1
DA:122,2
DA:126,1
DA:129,2
DA:130,2
DA:131,2
DA:133,1
DA:135,2
DA:136,1
DA:140,2
DA:147,1
DA:148,1
DA:150,1
DA:151,1
DA:152,1
DA:156,3
DA:157,2
DA:159,2
DA:160,0
DA:161,0
DA:164,0
DA:166,0
DA:167,0
DA:169,0
DA:182,0
DA:184,0
DA:187,0
DA:188,0
DA:193,1
DA:195,3
DA:198,1
DA:199,2
DA:200,0
DA:204,1
DA:205,1
DA:208,0
DA:209,0
DA:210,0
DA:211,0
DA:217,0
DA:219,1
DA:225,1
DA:227,2
DA:228,1
DA:229,2
DA:232,2
DA:233,2
DA:234,3
DA:235,2
DA:236,1
DA:240,2
DA:245,2
DA:247,6
DA:248,4
DA:249,0
DA:252,4
DA:253,1
DA:256,4
DA:257,2
DA:258,4
DA:262,0
DA:267,0
DA:268,0
DA:269,0
DA:271,0
DA:275,0
DA:281,0
DA:284,0
DA:300,0
DA:302,0
DA:305,1
DA:311,1
DA:315,1
DA:318,1
DA:321,1
DA:336,1
DA:337,1
DA:339,1
DA:342,2
DA:347,2
DA:348,6
DA:349,2
DA:354,4
DA:355,2
DA:356,4
DA:360,1
DA:361,2
DA:362,3
DA:365,1
DA:367,3
DA:368,1
DA:372,0
DA:374,1
DA:378,2
DA:379,5
DA:380,0
DA:385,0
DA:387,0
DA:389,2
DA:390,3
DA:391,0
DA:396,0
DA:398,0
DA:401,1
DA:405,2
DA:406,4
DA:407,4
DA:410,6
DA:412,1
DA:413,4
DA:416,0
DA:417,0
LF:150
LH:114
end_of_record
SF:lib/src/implements/notifier_impl.dart
DA:7,2
DA:9,2
DA:13,2
DA:14,2
DA:19,1
DA:20,2
DA:24,1
DA:25,1
DA:31,0
DA:32,0
DA:35,0
DA:36,0
LF:12
LH:8
end_of_record
